.\Debug\MP3Parse.bsc
.\Debug\MP3Parse.ilk
.\Debug\MP3Parse.pdb
V:\v3final\CWrappers\MP3Parse\.\Debug\MP3Parse.dll
V:\v3final\CWrappers\MP3Parse\Debug\BscMake.command.1.tlog
V:\v3final\CWrappers\MP3Parse\Debug\bscmake.read.1.tlog
V:\v3final\CWrappers\MP3Parse\Debug\bscmake.write.1.tlog
V:\v3final\CWrappers\MP3Parse\Debug\cl.command.1.tlog
V:\v3final\CWrappers\MP3Parse\Debug\CL.read.1.tlog
V:\v3final\CWrappers\MP3Parse\Debug\CL.write.1.tlog
V:\v3final\CWrappers\MP3Parse\Debug\link.11016.read.1.tlog
V:\v3final\CWrappers\MP3Parse\Debug\link.11016.write.1.tlog
V:\v3final\CWrappers\MP3Parse\Debug\link.14584.12784.read.1.tlog
V:\v3final\CWrappers\MP3Parse\Debug\link.14584.12784.write.1.tlog
V:\v3final\CWrappers\MP3Parse\Debug\link.14584.read.1.tlog
V:\v3final\CWrappers\MP3Parse\Debug\link.14584.write.1.tlog
V:\v3final\CWrappers\MP3Parse\Debug\link.16636.1740.read.1.tlog
V:\v3final\CWrappers\MP3Parse\Debug\link.16636.1740.write.1.tlog
V:\v3final\CWrappers\MP3Parse\Debug\link.16636.read.1.tlog
V:\v3final\CWrappers\MP3Parse\Debug\link.16636.write.1.tlog
V:\v3final\CWrappers\MP3Parse\Debug\link.5592.10200.read.1.tlog
V:\v3final\CWrappers\MP3Parse\Debug\link.5592.10200.write.1.tlog
V:\v3final\CWrappers\MP3Parse\Debug\link.5592.read.1.tlog
V:\v3final\CWrappers\MP3Parse\Debug\link.5592.write.1.tlog
V:\v3final\CWrappers\MP3Parse\Debug\link.command.1.tlog
V:\v3final\CWrappers\MP3Parse\Debug\link.read.1.tlog
V:\v3final\CWrappers\MP3Parse\Debug\link.write.1.tlog
V:\V3FINAL\CWRAPPERS\MP3PARSE\DEBUG\MP3PARSE.BSC
V:\V3FINAL\CWRAPPERS\MP3PARSE\DEBUG\MP3PARSE.DLL
V:\v3final\CWrappers\MP3Parse\Debug\MP3Parse.exp
V:\V3FINAL\CWRAPPERS\MP3PARSE\DEBUG\MP3PARSE.ILK
V:\v3final\CWrappers\MP3Parse\Debug\MP3Parse.lib
V:\V3FINAL\CWRAPPERS\MP3PARSE\DEBUG\MP3PARSE.OBJ
V:\V3FINAL\CWRAPPERS\MP3PARSE\DEBUG\MP3PARSE.PDB
V:\V3FINAL\CWRAPPERS\MP3PARSE\DEBUG\MP3PARSE.SBR
V:\v3final\CWrappers\MP3Parse\Debug\MP3Parse.write.1.tlog
V:\V3FINAL\CWRAPPERS\MP3PARSE\DEBUG\PARSER.OBJ
V:\V3FINAL\CWRAPPERS\MP3PARSE\DEBUG\PARSER.SBR
V:\V3FINAL\CWRAPPERS\MP3PARSE\DEBUG\PULLER.OBJ
V:\V3FINAL\CWRAPPERS\MP3PARSE\DEBUG\PULLER.SBR
V:\v3final\CWrappers\MP3Parse\Debug\regsvr32.trg
V:\V3FINAL\CWRAPPERS\MP3PARSE\DEBUG\VC100.IDB
V:\V3FINAL\CWRAPPERS\MP3PARSE\DEBUG\VC100.PDB
