.\Release\MP3Parse.pdb
V:\v3final\CWrappers\MP3Parse\.\Release\MP3Parse.dll
V:\v3final\CWrappers\MP3Parse\Release\cl.command.1.tlog
V:\v3final\CWrappers\MP3Parse\Release\CL.read.1.tlog
V:\v3final\CWrappers\MP3Parse\Release\CL.write.1.tlog
V:\v3final\CWrappers\MP3Parse\Release\link.10676.read.1.tlog
V:\v3final\CWrappers\MP3Parse\Release\link.10676.write.1.tlog
V:\v3final\CWrappers\MP3Parse\Release\link.1384.read.1.tlog
V:\v3final\CWrappers\MP3Parse\Release\link.1384.write.1.tlog
V:\v3final\CWrappers\MP3Parse\Release\link.14688.read.1.tlog
V:\v3final\CWrappers\MP3Parse\Release\link.14688.write.1.tlog
V:\v3final\CWrappers\MP3Parse\Release\link.15884.read.1.tlog
V:\v3final\CWrappers\MP3Parse\Release\link.15884.write.1.tlog
V:\v3final\CWrappers\MP3Parse\Release\link.17580.read.1.tlog
V:\v3final\CWrappers\MP3Parse\Release\link.17580.write.1.tlog
V:\v3final\CWrappers\MP3Parse\Release\link.996.read.1.tlog
V:\v3final\CWrappers\MP3Parse\Release\link.996.write.1.tlog
V:\v3final\CWrappers\MP3Parse\Release\link.command.1.tlog
V:\v3final\CWrappers\MP3Parse\Release\link.read.1.tlog
V:\v3final\CWrappers\MP3Parse\Release\link.write.1.tlog
V:\V3FINAL\CWRAPPERS\MP3PARSE\RELEASE\MP3PARSE.DLL
V:\v3final\CWrappers\MP3Parse\Release\MP3Parse.exp
V:\v3final\CWrappers\MP3Parse\Release\MP3Parse.lib
V:\V3FINAL\CWRAPPERS\MP3PARSE\RELEASE\MP3PARSE.OBJ
V:\V3FINAL\CWRAPPERS\MP3PARSE\RELEASE\MP3PARSE.PDB
V:\v3final\CWrappers\MP3Parse\Release\MP3Parse.vcxprojResolveAssemblyReference.cache
V:\v3final\CWrappers\MP3Parse\Release\MP3Parse.write.1.tlog
V:\V3FINAL\CWRAPPERS\MP3PARSE\RELEASE\PARSER.OBJ
V:\V3FINAL\CWRAPPERS\MP3PARSE\RELEASE\PULLER.OBJ
V:\v3final\CWrappers\MP3Parse\Release\regsvr32.trg
